  [1m[35m (0.6ms)[0m  [1m[35mCREATE TABLE "schema_migrations" ("version" varchar NOT NULL PRIMARY KEY)[0m
  [1m[35m (0.6ms)[0m  [1m[35mCREATE TABLE "ar_internal_metadata" ("key" varchar NOT NULL PRIMARY KEY, "value" varchar, "created_at" datetime(6) NOT NULL, "updated_at" datetime(6) NOT NULL)[0m
  [1m[36mActiveRecord::SchemaMigration Pluck (0.1ms)[0m  [1m[34mSELECT "schema_migrations"."version" FROM "schema_migrations" ORDER BY "schema_migrations"."version" ASC[0m
Migrating to CreateUsers (20231019034929)
  [1m[36mTRANSACTION (0.0ms)[0m  [1m[36mbegin transaction[0m
  [1m[35m (0.3ms)[0m  [1m[35mCREATE TABLE "users" ("id" integer PRIMARY KEY AUTOINCREMENT NOT NULL, "email" varchar, "password" varchar, "username" varchar, "created_at" datetime(6) NOT NULL, "updated_at" datetime(6) NOT NULL)[0m
  [1m[36mActiveRecord::SchemaMigration Create (0.4ms)[0m  [1m[32mINSERT INTO "schema_migrations" ("version") VALUES (?)[0m  [["version", "20231019034929"]]
  [1m[36mTRANSACTION (0.5ms)[0m  [1m[36mcommit transaction[0m
  [1m[36mActiveRecord::InternalMetadata Load (0.6ms)[0m  [1m[34mSELECT "ar_internal_metadata".* FROM "ar_internal_metadata" WHERE "ar_internal_metadata"."key" = ? LIMIT ?[0m  [["key", "environment"], ["LIMIT", 1]]
  [1m[36mTRANSACTION (0.0ms)[0m  [1m[36mbegin transaction[0m
  [1m[36mActiveRecord::InternalMetadata Create (0.3ms)[0m  [1m[32mINSERT INTO "ar_internal_metadata" ("key", "value", "created_at", "updated_at") VALUES (?, ?, ?, ?)[0m  [["key", "environment"], ["value", "development"], ["created_at", "2023-10-19 03:49:38.895532"], ["updated_at", "2023-10-19 03:49:38.895532"]]
  [1m[36mTRANSACTION (0.6ms)[0m  [1m[36mcommit transaction[0m
  [1m[36mActiveRecord::SchemaMigration Pluck (0.1ms)[0m  [1m[34mSELECT "schema_migrations"."version" FROM "schema_migrations" ORDER BY "schema_migrations"."version" ASC[0m
  [1m[35m (559.1ms)[0m  [1m[35mCREATE DATABASE "atlint_dev" ENCODING = 'unicode'[0m
  [1m[35m (448.9ms)[0m  [1m[35mCREATE DATABASE "atlint_test" ENCODING = 'unicode'[0m
  [1m[35m (16.2ms)[0m  [1m[35mCREATE TABLE "schema_migrations" ("version" character varying NOT NULL PRIMARY KEY)[0m
  [1m[35m (4.1ms)[0m  [1m[35mCREATE TABLE "ar_internal_metadata" ("key" character varying NOT NULL PRIMARY KEY, "value" character varying, "created_at" timestamp(6) NOT NULL, "updated_at" timestamp(6) NOT NULL)[0m
  [1m[35m (0.2ms)[0m  [1m[34mSELECT pg_try_advisory_lock(5873183346468289425)[0m
  [1m[36mActiveRecord::SchemaMigration Pluck (0.6ms)[0m  [1m[34mSELECT "schema_migrations"."version" FROM "schema_migrations" ORDER BY "schema_migrations"."version" ASC[0m
Migrating to CreateUsers (20231019034929)
  [1m[36mTRANSACTION (0.2ms)[0m  [1m[35mBEGIN[0m
  [1m[35m (6.2ms)[0m  [1m[35mCREATE TABLE "users" ("id" bigserial primary key, "email" character varying, "password" character varying, "username" character varying, "created_at" timestamp(6) NOT NULL, "updated_at" timestamp(6) NOT NULL)[0m
  [1m[36mActiveRecord::SchemaMigration Create (2.8ms)[0m  [1m[32mINSERT INTO "schema_migrations" ("version") VALUES ($1) RETURNING "version"[0m  [["version", "20231019034929"]]
  [1m[36mTRANSACTION (0.4ms)[0m  [1m[35mCOMMIT[0m
  [1m[36mActiveRecord::InternalMetadata Load (0.6ms)[0m  [1m[34mSELECT "ar_internal_metadata".* FROM "ar_internal_metadata" WHERE "ar_internal_metadata"."key" = $1 LIMIT $2[0m  [["key", "environment"], ["LIMIT", 1]]
  [1m[36mTRANSACTION (0.4ms)[0m  [1m[35mBEGIN[0m
  [1m[36mActiveRecord::InternalMetadata Create (1.2ms)[0m  [1m[32mINSERT INTO "ar_internal_metadata" ("key", "value", "created_at", "updated_at") VALUES ($1, $2, $3, $4) RETURNING "key"[0m  [["key", "environment"], ["value", "development"], ["created_at", "2023-10-19 03:57:58.271099"], ["updated_at", "2023-10-19 03:57:58.271099"]]
  [1m[36mTRANSACTION (0.5ms)[0m  [1m[35mCOMMIT[0m
  [1m[35m (0.5ms)[0m  [1m[34mSELECT pg_advisory_unlock(5873183346468289425)[0m
  [1m[36mActiveRecord::SchemaMigration Pluck (0.4ms)[0m  [1m[34mSELECT "schema_migrations"."version" FROM "schema_migrations" ORDER BY "schema_migrations"."version" ASC[0m
  [1m[36mUser Load (0.8ms)[0m  [1m[34mSELECT "users".* FROM "users" ORDER BY "users"."id" DESC LIMIT $1[0m  [["LIMIT", 1]]
Started POST "/api/v1/user" for ::1 at 2023-10-19 09:42:05 +0530
  [1m[36mActiveRecord::SchemaMigration Pluck (1.0ms)[0m  [1m[34mSELECT "schema_migrations"."version" FROM "schema_migrations" ORDER BY "schema_migrations"."version" ASC[0m
  
ActionController::RoutingError (uninitialized constant Api

      Object.const_get(camel_cased_word)
            ^^^^^^^^^^

            raise MissingController.new(error.message, error.name)
            ^^^^^):
  
Started POST "/api/v1/user" for ::1 at 2023-10-19 09:43:06 +0530
  [1m[36mActiveRecord::SchemaMigration Pluck (1.5ms)[0m  [1m[34mSELECT "schema_migrations"."version" FROM "schema_migrations" ORDER BY "schema_migrations"."version" ASC[0m
  
ActionController::RoutingError (uninitialized constant Api::V1::UserController

      Object.const_get(camel_cased_word)
            ^^^^^^^^^^
Did you mean?  Api::V1::UsersController

            raise MissingController.new(error.message, error.name)
            ^^^^^):
  
Started POST "/api/v1/user" for ::1 at 2023-10-19 09:43:26 +0530
  [1m[36mActiveRecord::SchemaMigration Pluck (1.0ms)[0m  [1m[34mSELECT "schema_migrations"."version" FROM "schema_migrations" ORDER BY "schema_migrations"."version" ASC[0m
  
ActionController::RoutingError (No route matches [POST] "/api/v1/user"):
  
Started POST "/api/v1/users" for ::1 at 2023-10-19 09:43:30 +0530
Processing by Api::V1::UsersController#create as */*
  Parameters: {"user"=>{"email"=>"", "password"=>"[FILTERED]"}}
Can't verify CSRF token authenticity.
Completed 422 Unprocessable Entity in 0ms (ActiveRecord: 0.0ms | Allocations: 577)


  
ActionController::InvalidAuthenticityToken (Can't verify CSRF token authenticity.):
  
actionpack (7.0.8) lib/action_controller/metal/request_forgery_protection.rb:253:in `handle_unverified_request'
actionpack (7.0.8) lib/action_controller/metal/request_forgery_protection.rb:286:in `handle_unverified_request'
actionpack (7.0.8) lib/action_controller/metal/request_forgery_protection.rb:275:in `verify_authenticity_token'
activesupport (7.0.8) lib/active_support/callbacks.rb:400:in `block in make_lambda'
activesupport (7.0.8) lib/active_support/callbacks.rb:199:in `block (2 levels) in halting'
actionpack (7.0.8) lib/abstract_controller/callbacks.rb:34:in `block (2 levels) in <module:Callbacks>'
activesupport (7.0.8) lib/active_support/callbacks.rb:200:in `block in halting'
activesupport (7.0.8) lib/active_support/callbacks.rb:595:in `block in invoke_before'
activesupport (7.0.8) lib/active_support/callbacks.rb:595:in `each'
activesupport (7.0.8) lib/active_support/callbacks.rb:595:in `invoke_before'
activesupport (7.0.8) lib/active_support/callbacks.rb:116:in `block in run_callbacks'
activesupport (7.0.8) lib/active_support/callbacks.rb:138:in `run_callbacks'
actionpack (7.0.8) lib/abstract_controller/callbacks.rb:233:in `process_action'
actionpack (7.0.8) lib/action_controller/metal/rescue.rb:23:in `process_action'
actionpack (7.0.8) lib/action_controller/metal/instrumentation.rb:67:in `block in process_action'
activesupport (7.0.8) lib/active_support/notifications.rb:206:in `block in instrument'
activesupport (7.0.8) lib/active_support/notifications/instrumenter.rb:24:in `instrument'
activesupport (7.0.8) lib/active_support/notifications.rb:206:in `instrument'
actionpack (7.0.8) lib/action_controller/metal/instrumentation.rb:66:in `process_action'
actionpack (7.0.8) lib/action_controller/metal/params_wrapper.rb:259:in `process_action'
activerecord (7.0.8) lib/active_record/railties/controller_runtime.rb:27:in `process_action'
actionpack (7.0.8) lib/abstract_controller/base.rb:151:in `process'
actionview (7.0.8) lib/action_view/rendering.rb:39:in `process'
actionpack (7.0.8) lib/action_controller/metal.rb:188:in `dispatch'
actionpack (7.0.8) lib/action_controller/metal.rb:251:in `dispatch'
actionpack (7.0.8) lib/action_dispatch/routing/route_set.rb:49:in `dispatch'
actionpack (7.0.8) lib/action_dispatch/routing/route_set.rb:32:in `serve'
actionpack (7.0.8) lib/action_dispatch/journey/router.rb:50:in `block in serve'
actionpack (7.0.8) lib/action_dispatch/journey/router.rb:32:in `each'
actionpack (7.0.8) lib/action_dispatch/journey/router.rb:32:in `serve'
actionpack (7.0.8) lib/action_dispatch/routing/route_set.rb:852:in `call'
rack (2.2.8) lib/rack/tempfile_reaper.rb:15:in `call'
rack (2.2.8) lib/rack/etag.rb:27:in `call'
rack (2.2.8) lib/rack/conditional_get.rb:40:in `call'
rack (2.2.8) lib/rack/head.rb:12:in `call'
actionpack (7.0.8) lib/action_dispatch/http/permissions_policy.rb:38:in `call'
actionpack (7.0.8) lib/action_dispatch/http/content_security_policy.rb:36:in `call'
rack (2.2.8) lib/rack/session/abstract/id.rb:266:in `context'
rack (2.2.8) lib/rack/session/abstract/id.rb:260:in `call'
actionpack (7.0.8) lib/action_dispatch/middleware/cookies.rb:704:in `call'
activerecord (7.0.8) lib/active_record/migration.rb:638:in `call'
actionpack (7.0.8) lib/action_dispatch/middleware/callbacks.rb:27:in `block in call'
activesupport (7.0.8) lib/active_support/callbacks.rb:99:in `run_callbacks'
actionpack (7.0.8) lib/action_dispatch/middleware/callbacks.rb:26:in `call'
actionpack (7.0.8) lib/action_dispatch/middleware/executor.rb:14:in `call'
actionpack (7.0.8) lib/action_dispatch/middleware/actionable_exceptions.rb:17:in `call'
actionpack (7.0.8) lib/action_dispatch/middleware/debug_exceptions.rb:28:in `call'
web-console (4.2.1) lib/web_console/middleware.rb:132:in `call_app'
web-console (4.2.1) lib/web_console/middleware.rb:28:in `block in call'
web-console (4.2.1) lib/web_console/middleware.rb:17:in `catch'
web-console (4.2.1) lib/web_console/middleware.rb:17:in `call'
actionpack (7.0.8) lib/action_dispatch/middleware/show_exceptions.rb:29:in `call'
railties (7.0.8) lib/rails/rack/logger.rb:40:in `call_app'
railties (7.0.8) lib/rails/rack/logger.rb:25:in `block in call'
activesupport (7.0.8) lib/active_support/tagged_logging.rb:99:in `block in tagged'
activesupport (7.0.8) lib/active_support/tagged_logging.rb:37:in `tagged'
activesupport (7.0.8) lib/active_support/tagged_logging.rb:99:in `tagged'
railties (7.0.8) lib/rails/rack/logger.rb:25:in `call'
sprockets-rails (3.4.2) lib/sprockets/rails/quiet_assets.rb:13:in `call'
actionpack (7.0.8) lib/action_dispatch/middleware/remote_ip.rb:93:in `call'
actionpack (7.0.8) lib/action_dispatch/middleware/request_id.rb:26:in `call'
rack (2.2.8) lib/rack/method_override.rb:24:in `call'
rack (2.2.8) lib/rack/runtime.rb:22:in `call'
activesupport (7.0.8) lib/active_support/cache/strategy/local_cache_middleware.rb:29:in `call'
actionpack (7.0.8) lib/action_dispatch/middleware/server_timing.rb:61:in `block in call'
actionpack (7.0.8) lib/action_dispatch/middleware/server_timing.rb:26:in `collect_events'
actionpack (7.0.8) lib/action_dispatch/middleware/server_timing.rb:60:in `call'
actionpack (7.0.8) lib/action_dispatch/middleware/executor.rb:14:in `call'
actionpack (7.0.8) lib/action_dispatch/middleware/static.rb:23:in `call'
rack (2.2.8) lib/rack/sendfile.rb:110:in `call'
actionpack (7.0.8) lib/action_dispatch/middleware/host_authorization.rb:138:in `call'
railties (7.0.8) lib/rails/engine.rb:530:in `call'
puma (5.6.7) lib/puma/configuration.rb:252:in `call'
puma (5.6.7) lib/puma/request.rb:77:in `block in handle_request'
puma (5.6.7) lib/puma/thread_pool.rb:340:in `with_force_shutdown'
puma (5.6.7) lib/puma/request.rb:76:in `handle_request'
puma (5.6.7) lib/puma/server.rb:443:in `process_client'
puma (5.6.7) lib/puma/thread_pool.rb:147:in `block in spawn_thread'
Started POST "/api/v1/users" for ::1 at 2023-10-19 09:44:04 +0530
  [1m[36mActiveRecord::SchemaMigration Pluck (1.1ms)[0m  [1m[34mSELECT "schema_migrations"."version" FROM "schema_migrations" ORDER BY "schema_migrations"."version" ASC[0m
Processing by Api::V1::UsersController#create as */*
  Parameters: {"user"=>{"email"=>"", "password"=>"[FILTERED]"}}
  [1m[36mUser Exists? (1.8ms)[0m  [1m[34mSELECT 1 AS one FROM "users" WHERE "users"."email" = $1 LIMIT $2[0m  [["email", ""], ["LIMIT", 1]]
  ↳ app/controllers/api/v1/users_controller.rb:10:in `create'
  [1m[36mUser Exists? (0.3ms)[0m  [1m[34mSELECT 1 AS one FROM "users" WHERE "users"."username" IS NULL LIMIT $1[0m  [["LIMIT", 1]]
  ↳ app/controllers/api/v1/users_controller.rb:10:in `create'
Completed 422 Unprocessable Entity in 31ms (Views: 0.3ms | ActiveRecord: 12.6ms | Allocations: 13818)


Started POST "/api/v1/users" for ::1 at 2023-10-19 09:44:20 +0530
Processing by Api::V1::UsersController#create as */*
  Parameters: {"user"=>{"email"=>"", "password"=>"[FILTERED]"}}
  [1m[36mUser Exists? (1.8ms)[0m  [1m[34mSELECT 1 AS one FROM "users" WHERE "users"."email" = $1 LIMIT $2[0m  [["email", ""], ["LIMIT", 1]]
  ↳ app/controllers/api/v1/users_controller.rb:10:in `create'
  [1m[36mUser Exists? (4.2ms)[0m  [1m[34mSELECT 1 AS one FROM "users" WHERE "users"."username" IS NULL LIMIT $1[0m  [["LIMIT", 1]]
  ↳ app/controllers/api/v1/users_controller.rb:10:in `create'
Completed 422 Unprocessable Entity in 32ms (Views: 0.2ms | ActiveRecord: 20.4ms | Allocations: 5933)


Started POST "/api/v1/users" for ::1 at 2023-10-19 09:44:54 +0530
Processing by Api::V1::UsersController#create as */*
  Parameters: {"user"=>{"email"=>"", "password"=>"[FILTERED]"}}
  [1m[36mUser Exists? (0.6ms)[0m  [1m[34mSELECT 1 AS one FROM "users" WHERE "users"."email" = $1 LIMIT $2[0m  [["email", ""], ["LIMIT", 1]]
  ↳ app/controllers/api/v1/users_controller.rb:10:in `create'
  [1m[36mUser Exists? (0.4ms)[0m  [1m[34mSELECT 1 AS one FROM "users" WHERE "users"."username" IS NULL LIMIT $1[0m  [["LIMIT", 1]]
  ↳ app/controllers/api/v1/users_controller.rb:10:in `create'
Completed 422 Unprocessable Entity in 16ms (Views: 0.2ms | ActiveRecord: 7.0ms | Allocations: 5967)


Started POST "/api/v1/users" for ::1 at 2023-10-19 09:45:04 +0530
Processing by Api::V1::UsersController#create as */*
  Parameters: {"user"=>{"email"=>"email", "password"=>"[FILTERED]"}}
  [1m[36mUser Exists? (0.6ms)[0m  [1m[34mSELECT 1 AS one FROM "users" WHERE "users"."email" = $1 LIMIT $2[0m  [["email", "email"], ["LIMIT", 1]]
  ↳ app/controllers/api/v1/users_controller.rb:10:in `create'
  [1m[36mUser Exists? (0.8ms)[0m  [1m[34mSELECT 1 AS one FROM "users" WHERE "users"."username" IS NULL LIMIT $1[0m  [["LIMIT", 1]]
  ↳ app/controllers/api/v1/users_controller.rb:10:in `create'
Completed 422 Unprocessable Entity in 5ms (Views: 0.2ms | ActiveRecord: 1.4ms | Allocations: 2584)


Started POST "/api/v1/users" for ::1 at 2023-10-19 09:45:09 +0530
Processing by Api::V1::UsersController#create as */*
  Parameters: {"user"=>{"email"=>"email@gmal.com", "password"=>"[FILTERED]"}}
  [1m[36mUser Exists? (0.5ms)[0m  [1m[34mSELECT 1 AS one FROM "users" WHERE "users"."email" = $1 LIMIT $2[0m  [["email", "email@gmal.com"], ["LIMIT", 1]]
  ↳ app/controllers/api/v1/users_controller.rb:10:in `create'
  [1m[36mUser Exists? (0.4ms)[0m  [1m[34mSELECT 1 AS one FROM "users" WHERE "users"."username" IS NULL LIMIT $1[0m  [["LIMIT", 1]]
  ↳ app/controllers/api/v1/users_controller.rb:10:in `create'
Completed 422 Unprocessable Entity in 7ms (Views: 0.2ms | ActiveRecord: 0.8ms | Allocations: 2296)


Started POST "/api/v1/users" for ::1 at 2023-10-19 09:45:15 +0530
Processing by Api::V1::UsersController#create as */*
  Parameters: {"user"=>{"email"=>"email@gmal.com", "password"=>"[FILTERED]"}}
  [1m[36mUser Exists? (1.0ms)[0m  [1m[34mSELECT 1 AS one FROM "users" WHERE "users"."email" = $1 LIMIT $2[0m  [["email", "email@gmal.com"], ["LIMIT", 1]]
  ↳ app/controllers/api/v1/users_controller.rb:10:in `create'
  [1m[36mUser Exists? (0.5ms)[0m  [1m[34mSELECT 1 AS one FROM "users" WHERE "users"."username" IS NULL LIMIT $1[0m  [["LIMIT", 1]]
  ↳ app/controllers/api/v1/users_controller.rb:10:in `create'
Completed 422 Unprocessable Entity in 12ms (Views: 0.2ms | ActiveRecord: 1.5ms | Allocations: 2032)


Started POST "/api/v1/users" for ::1 at 2023-10-19 09:45:23 +0530
Processing by Api::V1::UsersController#create as */*
  Parameters: {"user"=>{"email"=>"email@gmal.com", "password"=>"[FILTERED]", "username"=>"hinga"}}
  [1m[36mUser Exists? (0.5ms)[0m  [1m[34mSELECT 1 AS one FROM "users" WHERE "users"."email" = $1 LIMIT $2[0m  [["email", "email@gmal.com"], ["LIMIT", 1]]
  ↳ app/controllers/api/v1/users_controller.rb:10:in `create'
  [1m[36mUser Exists? (1.7ms)[0m  [1m[34mSELECT 1 AS one FROM "users" WHERE "users"."username" = $1 LIMIT $2[0m  [["username", "hinga"], ["LIMIT", 1]]
  ↳ app/controllers/api/v1/users_controller.rb:10:in `create'
  [1m[36mCACHE User Exists? (0.0ms)[0m  [1m[34mSELECT 1 AS one FROM "users" WHERE "users"."email" = $1 LIMIT $2[0m  [["email", "email@gmal.com"], ["LIMIT", 1]]
  ↳ app/controllers/api/v1/users_controller.rb:11:in `create'
  [1m[36mCACHE User Exists? (0.0ms)[0m  [1m[34mSELECT 1 AS one FROM "users" WHERE "users"."username" = $1 LIMIT $2[0m  [["username", "hinga"], ["LIMIT", 1]]
  ↳ app/controllers/api/v1/users_controller.rb:11:in `create'
  [1m[36mTRANSACTION (0.3ms)[0m  [1m[35mBEGIN[0m
  ↳ app/controllers/api/v1/users_controller.rb:11:in `create'
  [1m[36mUser Create (2.0ms)[0m  [1m[32mINSERT INTO "users" ("email", "password", "username", "created_at", "updated_at") VALUES ($1, $2, $3, $4, $5) RETURNING "id"[0m  [["email", "email@gmal.com"], ["password", "[FILTERED]"], ["username", "hinga"], ["created_at", "2023-10-19 04:15:23.283762"], ["updated_at", "2023-10-19 04:15:23.283762"]]
  ↳ app/controllers/api/v1/users_controller.rb:11:in `create'
  [1m[36mTRANSACTION (0.5ms)[0m  [1m[35mCOMMIT[0m
  ↳ app/controllers/api/v1/users_controller.rb:11:in `create'
Completed 200 OK in 18ms (Views: 0.1ms | ActiveRecord: 5.1ms | Allocations: 5710)


Started POST "/api/v1/users" for ::1 at 2023-10-19 09:45:26 +0530
Processing by Api::V1::UsersController#create as */*
  Parameters: {"user"=>{"email"=>"email@gmal.com", "password"=>"[FILTERED]", "username"=>"hinga"}}
  [1m[36mUser Exists? (0.5ms)[0m  [1m[34mSELECT 1 AS one FROM "users" WHERE "users"."email" = $1 LIMIT $2[0m  [["email", "email@gmal.com"], ["LIMIT", 1]]
  ↳ app/controllers/api/v1/users_controller.rb:10:in `create'
  [1m[36mUser Exists? (0.2ms)[0m  [1m[34mSELECT 1 AS one FROM "users" WHERE "users"."username" = $1 LIMIT $2[0m  [["username", "hinga"], ["LIMIT", 1]]
  ↳ app/controllers/api/v1/users_controller.rb:10:in `create'
Completed 422 Unprocessable Entity in 4ms (Views: 0.2ms | ActiveRecord: 0.7ms | Allocations: 2147)


Started POST "/api/v1/users" for ::1 at 2023-10-19 09:45:31 +0530
Processing by Api::V1::UsersController#create as */*
  Parameters: {"user"=>{"email"=>"email@gmal.com", "password"=>"[FILTERED]", "username"=>"hingaz"}}
  [1m[36mUser Exists? (0.5ms)[0m  [1m[34mSELECT 1 AS one FROM "users" WHERE "users"."email" = $1 LIMIT $2[0m  [["email", "email@gmal.com"], ["LIMIT", 1]]
  ↳ app/controllers/api/v1/users_controller.rb:10:in `create'
  [1m[36mUser Exists? (0.3ms)[0m  [1m[34mSELECT 1 AS one FROM "users" WHERE "users"."username" = $1 LIMIT $2[0m  [["username", "hingaz"], ["LIMIT", 1]]
  ↳ app/controllers/api/v1/users_controller.rb:10:in `create'
Completed 422 Unprocessable Entity in 8ms (Views: 0.2ms | ActiveRecord: 0.8ms | Allocations: 1803)


Started POST "/api/v1/users" for ::1 at 2023-10-19 09:45:33 +0530
Processing by Api::V1::UsersController#create as */*
  Parameters: {"user"=>{"email"=>"email@gmal.comk", "password"=>"[FILTERED]", "username"=>"hingaz"}}
  [1m[36mUser Exists? (2.4ms)[0m  [1m[34mSELECT 1 AS one FROM "users" WHERE "users"."email" = $1 LIMIT $2[0m  [["email", "email@gmal.comk"], ["LIMIT", 1]]
  ↳ app/controllers/api/v1/users_controller.rb:10:in `create'
  [1m[36mUser Exists? (0.5ms)[0m  [1m[34mSELECT 1 AS one FROM "users" WHERE "users"."username" = $1 LIMIT $2[0m  [["username", "hingaz"], ["LIMIT", 1]]
  ↳ app/controllers/api/v1/users_controller.rb:10:in `create'
  [1m[36mCACHE User Exists? (0.0ms)[0m  [1m[34mSELECT 1 AS one FROM "users" WHERE "users"."email" = $1 LIMIT $2[0m  [["email", "email@gmal.comk"], ["LIMIT", 1]]
  ↳ app/controllers/api/v1/users_controller.rb:11:in `create'
  [1m[36mCACHE User Exists? (0.0ms)[0m  [1m[34mSELECT 1 AS one FROM "users" WHERE "users"."username" = $1 LIMIT $2[0m  [["username", "hingaz"], ["LIMIT", 1]]
  ↳ app/controllers/api/v1/users_controller.rb:11:in `create'
  [1m[36mTRANSACTION (0.3ms)[0m  [1m[35mBEGIN[0m
  ↳ app/controllers/api/v1/users_controller.rb:11:in `create'
  [1m[36mUser Create (0.5ms)[0m  [1m[32mINSERT INTO "users" ("email", "password", "username", "created_at", "updated_at") VALUES ($1, $2, $3, $4, $5) RETURNING "id"[0m  [["email", "email@gmal.comk"], ["password", "[FILTERED]"], ["username", "hingaz"], ["created_at", "2023-10-19 04:15:33.464128"], ["updated_at", "2023-10-19 04:15:33.464128"]]
  ↳ app/controllers/api/v1/users_controller.rb:11:in `create'
  [1m[36mTRANSACTION (0.3ms)[0m  [1m[35mCOMMIT[0m
  ↳ app/controllers/api/v1/users_controller.rb:11:in `create'
Completed 200 OK in 15ms (Views: 0.2ms | ActiveRecord: 4.1ms | Allocations: 4677)


Started GET "/api/v1/users" for ::1 at 2023-10-19 09:45:47 +0530
Processing by Api::V1::UsersController#index as */*
  [1m[36mUser Load (0.8ms)[0m  [1m[34mSELECT "users".* FROM "users"[0m
  ↳ app/controllers/api/v1/users_controller.rb:5:in `index'
Completed 200 OK in 4ms (Views: 0.2ms | ActiveRecord: 0.8ms | Allocations: 1145)


Started GET "/api/v1/users" for ::1 at 2023-10-19 09:46:07 +0530
Processing by Api::V1::UsersController#index as */*
  [1m[36mUser Load (0.3ms)[0m  [1m[34mSELECT "users"."email", "users"."username" FROM "users"[0m
  ↳ app/controllers/api/v1/users_controller.rb:5:in `index'
Completed 200 OK in 16ms (Views: 0.3ms | ActiveRecord: 9.7ms | Allocations: 3668)


Started GET "/api/v1/users" for ::1 at 2023-10-19 09:46:16 +0530
Processing by Api::V1::UsersController#index as */*
  [1m[36mUser Load (0.3ms)[0m  [1m[34mSELECT "users"."id", "users"."email", "users"."username" FROM "users"[0m
  ↳ app/controllers/api/v1/users_controller.rb:5:in `index'
Completed 200 OK in 11ms (Views: 0.2ms | ActiveRecord: 4.8ms | Allocations: 3601)


Started POST "/api/v1/users/login" for ::1 at 2023-10-19 09:46:33 +0530
Processing by Api::V1::UsersController#login as */*
Completed 500 Internal Server Error in 12ms (ActiveRecord: 0.0ms | Allocations: 3454)


  
NameError (undefined local variable or method `password' for #<Api::V1::UsersController:0x00000000019eb0>

        user = User.where(email: params[:email], password: password)
                                                           ^^^^^^^^):
  
app/controllers/api/v1/users_controller.rb:22:in `login'
Started POST "/api/v1/users/login" for ::1 at 2023-10-19 09:47:00 +0530
Processing by Api::V1::UsersController#login as */*
Completed 400 Bad Request in 2ms (ActiveRecord: 0.0ms | Allocations: 1192)


  
ActionController::ParameterMissing (param is missing or the value is empty: user):
  
app/controllers/api/v1/users_controller.rb:53:in `permitted_params'
app/controllers/api/v1/users_controller.rb:22:in `login'
Started POST "/api/v1/users/login" for ::1 at 2023-10-19 09:47:15 +0530
Processing by Api::V1::UsersController#login as */*
Completed 400 Bad Request in 1ms (ActiveRecord: 0.0ms | Allocations: 487)


  
ActionController::ParameterMissing (param is missing or the value is empty: user):
  
app/controllers/api/v1/users_controller.rb:53:in `permitted_params'
app/controllers/api/v1/users_controller.rb:22:in `login'
Started POST "/api/v1/users/login?params[:user]" for ::1 at 2023-10-19 09:47:19 +0530
Processing by Api::V1::UsersController#login as */*
  Parameters: {"params"=>{":user"=>nil}}
Completed 400 Bad Request in 1ms (ActiveRecord: 0.0ms | Allocations: 486)


  
ActionController::ParameterMissing (param is missing or the value is empty: user):
  
app/controllers/api/v1/users_controller.rb:53:in `permitted_params'
app/controllers/api/v1/users_controller.rb:22:in `login'
Started POST "/api/v1/users/login?params[:user]=email" for ::1 at 2023-10-19 09:47:25 +0530
Processing by Api::V1::UsersController#login as */*
  Parameters: {"params"=>{":user"=>"email"}}
Completed 400 Bad Request in 1ms (ActiveRecord: 0.0ms | Allocations: 486)


  
ActionController::ParameterMissing (param is missing or the value is empty: user):
  
app/controllers/api/v1/users_controller.rb:53:in `permitted_params'
app/controllers/api/v1/users_controller.rb:22:in `login'
Started POST "/api/v1/users/login?user[email]=email" for ::1 at 2023-10-19 09:47:35 +0530
Processing by Api::V1::UsersController#login as */*
  Parameters: {"user"=>{"email"=>"email"}}
  [1m[36mUser Load (0.3ms)[0m  [1m[34mSELECT "users".* FROM "users" WHERE "users"."email" = $1 AND "users"."password" IS NULL /* loading for inspect */ LIMIT $2[0m  [["email", "email"], ["LIMIT", 11]]
Completed 500 Internal Server Error in 9ms (ActiveRecord: 2.6ms | Allocations: 4919)


  [1m[36mCACHE User Load (0.0ms)[0m  [1m[34mSELECT "users".* FROM "users" WHERE "users"."email" = $1 AND "users"."password" IS NULL /* loading for inspect */ LIMIT $2[0m  [["email", "email"], ["LIMIT", 11]]
  
NoMethodError (undefined method `email' for #<ActiveRecord::Relation []>):
  
app/controllers/api/v1/users_controller.rb:36:in `render_success'
app/controllers/api/v1/users_controller.rb:24:in `login'
Started POST "/api/v1/users/login?user[email]=email" for ::1 at 2023-10-19 09:47:49 +0530
Processing by Api::V1::UsersController#login as */*
  Parameters: {"user"=>{"email"=>"email"}}
  [1m[36mUser Load (0.4ms)[0m  [1m[34mSELECT "users".* FROM "users" WHERE "users"."email" = $1 AND "users"."password" IS NULL ORDER BY "users"."id" ASC LIMIT $2[0m  [["email", "email"], ["LIMIT", 1]]
  ↳ app/controllers/api/v1/users_controller.rb:22:in `login'
Completed 422 Unprocessable Entity in 16ms (Views: 0.4ms | ActiveRecord: 10.0ms | Allocations: 2671)


Started POST "/api/v1/users/login?user[email]=email" for ::1 at 2023-10-19 09:48:06 +0530
Processing by Api::V1::UsersController#login as */*
  Parameters: {"user"=>{"email"=>"email"}}
  [1m[36mUser Load (0.4ms)[0m  [1m[34mSELECT "users".* FROM "users" WHERE "users"."email" = $1 AND "users"."password" IS NULL ORDER BY "users"."id" ASC LIMIT $2[0m  [["email", "email"], ["LIMIT", 1]]
  ↳ app/controllers/api/v1/users_controller.rb:22:in `login'
Completed 422 Unprocessable Entity in 27ms (Views: 0.2ms | ActiveRecord: 21.8ms | Allocations: 2663)


Started POST "/api/v1/users/login?user[email]=email" for ::1 at 2023-10-19 09:48:16 +0530
Processing by Api::V1::UsersController#login as */*
  Parameters: {"user"=>{"email"=>"email"}}
  [1m[36mUser Load (1.0ms)[0m  [1m[34mSELECT "users".* FROM "users" WHERE "users"."email" = $1 AND "users"."password" IS NULL ORDER BY "users"."id" ASC LIMIT $2[0m  [["email", "email"], ["LIMIT", 1]]
  ↳ app/controllers/api/v1/users_controller.rb:22:in `login'
Completed 422 Unprocessable Entity in 11ms (Views: 0.2ms | ActiveRecord: 6.7ms | Allocations: 2666)


Started POST "/api/v1/users/login?user[email]=email" for ::1 at 2023-10-19 09:48:31 +0530
Processing by Api::V1::UsersController#login as */*
  Parameters: {"user"=>{"email"=>"email"}}
  [1m[36mUser Load (1.1ms)[0m  [1m[34mSELECT "users".* FROM "users" WHERE "users"."email" = $1 AND "users"."password" IS NULL ORDER BY "users"."id" ASC LIMIT $2[0m  [["email", "email"], ["LIMIT", 1]]
  ↳ app/controllers/api/v1/users_controller.rb:22:in `login'
Completed 422 Unprocessable Entity in 17ms (Views: 0.2ms | ActiveRecord: 12.4ms | Allocations: 2658)


Started POST "/api/v1/users/login?user[email]=email" for ::1 at 2023-10-19 09:48:41 +0530
Processing by Api::V1::UsersController#login as */*
  Parameters: {"user"=>{"email"=>"email"}}
  [1m[36mUser Load (0.5ms)[0m  [1m[34mSELECT "users".* FROM "users" WHERE "users"."email" = $1 AND "users"."password" IS NULL ORDER BY "users"."id" ASC LIMIT $2[0m  [["email", "email"], ["LIMIT", 1]]
  ↳ app/controllers/api/v1/users_controller.rb:22:in `login'
Completed 422 Unprocessable Entity in 17ms (Views: 0.2ms | ActiveRecord: 13.2ms | Allocations: 2668)


Started POST "/api/v1/users/login?user[email]=email" for ::1 at 2023-10-19 09:48:51 +0530
Processing by Api::V1::UsersController#login as */*
  Parameters: {"user"=>{"email"=>"email"}}
  [1m[36mUser Load (0.5ms)[0m  [1m[34mSELECT "users".* FROM "users" WHERE "users"."email" = $1 AND "users"."password" IS NULL ORDER BY "users"."id" ASC LIMIT $2[0m  [["email", "email"], ["LIMIT", 1]]
  ↳ app/controllers/api/v1/users_controller.rb:22:in `login'
Completed 422 Unprocessable Entity in 14ms (Views: 0.2ms | ActiveRecord: 5.4ms | Allocations: 2664)


Started POST "/api/v1/users/login?user[email]=email@gmal.com" for ::1 at 2023-10-19 09:49:20 +0530
Processing by Api::V1::UsersController#login as */*
  Parameters: {"user"=>{"email"=>"email@gmal.com"}}
  [1m[36mUser Load (0.3ms)[0m  [1m[34mSELECT "users".* FROM "users" WHERE "users"."email" = $1 AND "users"."password" IS NULL ORDER BY "users"."id" ASC LIMIT $2[0m  [["email", "email@gmal.com"], ["LIMIT", 1]]
  ↳ app/controllers/api/v1/users_controller.rb:22:in `login'
Completed 422 Unprocessable Entity in 5ms (Views: 0.3ms | ActiveRecord: 0.3ms | Allocations: 871)


Started POST "/api/v1/users/login?user[email]=email@gmal.com&user[password]=[FILTERED]" for ::1 at 2023-10-19 09:49:25 +0530
Processing by Api::V1::UsersController#login as */*
  Parameters: {"user"=>{"email"=>"email@gmal.com", "password"=>"[FILTERED]"}}
  [1m[36mUser Load (0.4ms)[0m  [1m[34mSELECT "users".* FROM "users" WHERE "users"."email" = $1 AND "users"."password" = $2 ORDER BY "users"."id" ASC LIMIT $3[0m  [["email", "email@gmal.com"], ["password", "[FILTERED]"], ["LIMIT", 1]]
  ↳ app/controllers/api/v1/users_controller.rb:22:in `login'
Completed 200 OK in 9ms (Views: 0.2ms | ActiveRecord: 0.4ms | Allocations: 2200)


